0 verbose cli /usr/bin/node /usr/bin/npm
1 info using npm@10.8.2
2 info using node@v20.18.0
3 silly config load:file:/usr/lib/node_modules/npm/npmrc
4 silly config load:file:/home/user/.npmrc
5 silly config load:file:/usr/etc/npmrc
6 verbose title npm install @dqbd/tiktoken@1.0.18
7 verbose argv "install" "@dqbd/tiktoken@1.0.18"
8 verbose logfile logs-max:10 dir:/home/user/.npm/_logs/2025-02-04T15_25_35_571Z-
9 verbose logfile /home/user/.npm/_logs/2025-02-04T15_25_35_571Z-debug-0.log
10 silly packumentCache heap:2116812800 maxSize:529203200 maxEntrySize:264601600
11 silly logfile done cleaning log files
12 silly idealTree buildDeps
13 silly fetch manifest @dqbd/tiktoken@1.0.18
14 silly packumentCache full:https://registry.npmjs.org/@dqbd%2ftiktoken cache-miss
15 http fetch GET 200 https://registry.npmjs.org/npm 161ms
16 http fetch GET 200 https://registry.npmjs.org/@dqbd%2ftiktoken 279ms (cache miss)
17 silly packumentCache full:https://registry.npmjs.org/@dqbd%2ftiktoken set size:undefined disposed:false
18 silly placeDep ROOT @dqbd/tiktoken@1.0.18 OK for:  want: 1.0.18
19 silly reify moves {}
20 silly tarball no local data for @dqbd/tiktoken@https://registry.npmjs.org/@dqbd/tiktoken/-/tiktoken-1.0.18.tgz. Extracting by manifest.
